<?xml version="1.0" encoding="UTF-8"?>
<!-- Generated by org.testng.reporters.JUnitReportReporter -->
<testsuite skipped="0" hostname="DESKTOP-QPAOO8E" name="epam.MainTest" tests="1" failures="0" timestamp="2019-02-05T14:57:27 EET" time="16.556" errors="0">
  <testcase name="chromeTest" time="16.556" classname="epam.MainTest"/>
</testsuite> <!-- epam.MainTest -->
